# JRE version: OpenJDK Runtime Environment (8.0_76-b03) (build 1.8.0_76-release-b03)
# Java VM: OpenJDK 64-Bit Server VM (25.76-b03 mixed mode windows-amd64 compressed oops)
Heap:
 PSYoungGen      total 108032K, used 55036K [0x00000000eab00000, 0x00000000f3080000, 0x0000000100000000)
  eden space 93184K, 43% used [0x00000000eab00000,0x00000000ed2472a0,0x00000000f0600000)
  from space 14848K, 99% used [0x00000000f1800000,0x00000000f2678010,0x00000000f2680000)
  to   space 18432K, 0% used [0x00000000f0600000,0x00000000f0600000,0x00000000f1800000)
 ParOldGen       total 63488K, used 27592K [0x00000000c0000000, 0x00000000c3e00000, 0x00000000eab00000)
  object space 63488K, 43% used [0x00000000c0000000,0x00000000c1af21d8,0x00000000c3e00000)
 Metaspace       used 47843K, capacity 49326K, committed 49536K, reserved 1091584K
  class space    used 6591K, capacity 7010K, committed 7040K, reserved 1048576K
GC Heap History (10 events):
Event: 9.737 GC heap before
{Heap before GC invocations=10 (full 1):
 PSYoungGen      total 89088K, used 79857K [0x00000000eab00000, 0x00000000f1400000, 0x0000000100000000)
  eden space 78848K, 90% used [0x00000000eab00000,0x00000000ef0ebf68,0x00000000ef800000)
  from space 10240K, 80% used [0x00000000f0280000,0x00000000f0a90740,0x00000000f0c80000)
  to   space 10752K, 0% used [0x00000000ef800000,0x00000000ef800000,0x00000000f0280000)
 ParOldGen       total 63488K, used 8880K [0x00000000c0000000, 0x00000000c3e00000, 0x00000000eab00000)
  object space 63488K, 13% used [0x00000000c0000000,0x00000000c08ac300,0x00000000c3e00000)
 Metaspace       used 34609K, capacity 35340K, committed 35496K, reserved 1079296K
  class space    used 4585K, capacity 4776K, committed 4864K, reserved 1048576K
Event: 9.752 GC heap after
Heap after GC invocations=10 (full 1):
 PSYoungGen      total 89600K, used 10749K [0x00000000eab00000, 0x00000000f1400000, 0x0000000100000000)
  eden space 78848K, 0% used [0x00000000eab00000,0x00000000eab00000,0x00000000ef800000)
  from space 10752K, 99% used [0x00000000ef800000,0x00000000f027f498,0x00000000f0280000)
  to   space 10240K, 0% used [0x00000000f0280000,0x00000000f0280000,0x00000000f0c80000)
 ParOldGen       total 63488K, used 12961K [0x00000000c0000000, 0x00000000c3e00000, 0x00000000eab00000)
  object space 63488K, 20% used [0x00000000c0000000,0x00000000c0ca8618,0x00000000c3e00000)
 Metaspace       used 34609K, capacity 35340K, committed 35496K, reserved 1079296K
  class space    used 4585K, capacity 4776K, committed 4864K, reserved 1048576K
}
Event: 9.752 GC heap before
{Heap before GC invocations=11 (full 2):
 PSYoungGen      total 89600K, used 10749K [0x00000000eab00000, 0x00000000f1400000, 0x0000000100000000)
  eden space 78848K, 0% used [0x00000000eab00000,0x00000000eab00000,0x00000000ef800000)
  from space 10752K, 99% used [0x00000000ef800000,0x00000000f027f498,0x00000000f0280000)
  to   space 10240K, 0% used [0x00000000f0280000,0x00000000f0280000,0x00000000f0c80000)
 ParOldGen       total 63488K, used 12961K [0x00000000c0000000, 0x00000000c3e00000, 0x00000000eab00000)
  object space 63488K, 20% used [0x00000000c0000000,0x00000000c0ca8618,0x00000000c3e00000)
 Metaspace       used 34609K, capacity 35340K, committed 35496K, reserved 1079296K
  class space    used 4585K, capacity 4776K, committed 4864K, reserved 1048576K
Event: 9.842 GC heap after
Heap after GC invocations=11 (full 2):
 PSYoungGen      total 89600K, used 0K [0x00000000eab00000, 0x00000000f1400000, 0x0000000100000000)
  eden space 78848K, 0% used [0x00000000eab00000,0x00000000eab00000,0x00000000ef800000)
  from space 10752K, 0% used [0x00000000ef800000,0x00000000ef800000,0x00000000f0280000)
  to   space 10240K, 0% used [0x00000000f0280000,0x00000000f0280000,0x00000000f0c80000)
 ParOldGen       total 63488K, used 22060K [0x00000000c0000000, 0x00000000c3e00000, 0x00000000eab00000)
  object space 63488K, 34% used [0x00000000c0000000,0x00000000c158b1b8,0x00000000c3e00000)
 Metaspace       used 34609K, capacity 35340K, committed 35496K, reserved 1079296K
  class space    used 4585K, capacity 4776K, committed 4864K, reserved 1048576K
}
Event: 14.731 GC heap before
{Heap before GC invocations=12 (full 2):
 PSYoungGen      total 89600K, used 78848K [0x00000000eab00000, 0x00000000f1400000, 0x0000000100000000)
  eden space 78848K, 100% used [0x00000000eab00000,0x00000000ef800000,0x00000000ef800000)
  from space 10752K, 0% used [0x00000000ef800000,0x00000000ef800000,0x00000000f0280000)
  to   space 10240K, 0% used [0x00000000f0280000,0x00000000f0280000,0x00000000f0c80000)
 ParOldGen       total 63488K, used 22060K [0x00000000c0000000, 0x00000000c3e00000, 0x00000000eab00000)
  object space 63488K, 34% used [0x00000000c0000000,0x00000000c158b1b8,0x00000000c3e00000)
 Metaspace       used 41658K, capacity 42680K, committed 42880K, reserved 1087488K
  class space    used 5506K, capacity 5754K, committed 5760K, reserved 1048576K
Event: 14.738 GC heap after
Heap after GC invocations=12 (full 2):
 PSYoungGen      total 86528K, used 7551K [0x00000000eab00000, 0x00000000f2600000, 0x0000000100000000)
  eden space 76288K, 0% used [0x00000000eab00000,0x00000000eab00000,0x00000000ef580000)
  from space 10240K, 73% used [0x00000000f0280000,0x00000000f09dff90,0x00000000f0c80000)
  to   space 13312K, 0% used [0x00000000ef580000,0x00000000ef580000,0x00000000f0280000)
 ParOldGen       total 63488K, used 22068K [0x00000000c0000000, 0x00000000c3e00000, 0x00000000eab00000)
  object space 63488K, 34% used [0x00000000c0000000,0x00000000c158d1b8,0x00000000c3e00000)
 Metaspace       used 41658K, capacity 42680K, committed 42880K, reserved 1087488K
  class space    used 5506K, capacity 5754K, committed 5760K, reserved 1048576K
}
Event: 15.384 GC heap before
{Heap before GC invocations=13 (full 2):
 PSYoungGen      total 86528K, used 83839K [0x00000000eab00000, 0x00000000f2600000, 0x0000000100000000)
  eden space 76288K, 100% used [0x00000000eab00000,0x00000000ef580000,0x00000000ef580000)
  from space 10240K, 73% used [0x00000000f0280000,0x00000000f09dff90,0x00000000f0c80000)
  to   space 13312K, 0% used [0x00000000ef580000,0x00000000ef580000,0x00000000f0280000)
 ParOldGen       total 63488K, used 22068K [0x00000000c0000000, 0x00000000c3e00000, 0x00000000eab00000)
  object space 63488K, 34% used [0x00000000c0000000,0x00000000c158d1b8,0x00000000c3e00000)
 Metaspace       used 44488K, capacity 45468K, committed 45696K, reserved 1089536K
  class space    used 5987K, capacity 6240K, committed 6272K, reserved 1048576K
Event: 15.395 GC heap after
Heap after GC invocations=13 (full 2):
 PSYoungGen      total 89600K, used 13306K [0x00000000eab00000, 0x00000000f2680000, 0x0000000100000000)
  eden space 76288K, 0% used [0x00000000eab00000,0x00000000eab00000,0x00000000ef580000)
  from space 13312K, 99% used [0x00000000ef580000,0x00000000f027ea50,0x00000000f0280000)
  to   space 14848K, 0% used [0x00000000f1800000,0x00000000f1800000,0x00000000f2680000)
 ParOldGen       total 63488K, used 22236K [0x00000000c0000000, 0x00000000c3e00000, 0x00000000eab00000)
  object space 63488K, 35% used [0x00000000c0000000,0x00000000c15b7110,0x00000000c3e00000)
 Metaspace       used 44488K, capacity 45468K, committed 45696K, reserved 1089536K
  class space    used 5987K, capacity 6240K, committed 6272K, reserved 1048576K
}
Event: 15.999 GC heap before
{Heap before GC invocations=14 (full 2):
 PSYoungGen      total 89600K, used 89594K [0x00000000eab00000, 0x00000000f2680000, 0x0000000100000000)
  eden space 76288K, 100% used [0x00000000eab00000,0x00000000ef580000,0x00000000ef580000)
  from space 13312K, 99% used [0x00000000ef580000,0x00000000f027ea50,0x00000000f0280000)
  to   space 14848K, 0% used [0x00000000f1800000,0x00000000f1800000,0x00000000f2680000)
 ParOldGen       total 63488K, used 22236K [0x00000000c0000000, 0x00000000c3e00000, 0x00000000eab00000)
  object space 63488K, 35% used [0x00000000c0000000,0x00000000c15b7110,0x00000000c3e00000)
 Metaspace       used 47047K, capacity 48264K, committed 48512K, reserved 1091584K
  class space    used 6419K, capacity 6721K, committed 6784K, reserved 1048576K
Event: 16.016 GC heap after
Heap after GC invocations=14 (full 2):
 PSYoungGen      total 108032K, used 14816K [0x00000000eab00000, 0x00000000f3080000, 0x0000000100000000)
  eden space 93184K, 0% used [0x00000000eab00000,0x00000000eab00000,0x00000000f0600000)
  from space 14848K, 99% used [0x00000000f1800000,0x00000000f2678010,0x00000000f2680000)
  to   space 18432K, 0% used [0x00000000f0600000,0x00000000f0600000,0x00000000f1800000)
 ParOldGen       total 63488K, used 27592K [0x00000000c0000000, 0x00000000c3e00000, 0x00000000eab00000)
  object space 63488K, 43% used [0x00000000c0000000,0x00000000c1af21d8,0x00000000c3e00000)
 Metaspace       used 47047K, capacity 48264K, committed 48512K, reserved 1091584K
  class space    used 6419K, capacity 6721K, committed 6784K, reserved 1048576K
}

